<?xml version="1.0" encoding="UTF-8"?>
<testng-results ignored="0" total="2" passed="2" failed="0" skipped="0">
  <reporter-output>
  </reporter-output>
  <suite started-at="2023-08-02T16:21:00 IST" name="Suite" finished-at="2023-08-02T16:22:32 IST" duration-ms="92700">
    <groups>
    </groups>
    <test started-at="2023-08-02T16:21:00 IST" name="Test" finished-at="2023-08-02T16:22:32 IST" duration-ms="92700">
      <class name="TestMethods.SignUpTestTest">
        <test-method is-config="true" signature="AccessDriverClass()[pri:0, instance:TestMethods.SignUpTestTest@69ee81fc]" started-at="2023-08-02T16:21:08 IST" name="AccessDriverClass" finished-at="2023-08-02T16:21:12 IST" duration-ms="3998" status="PASS">
          <reporter-output>
          </reporter-output>
        </test-method> <!-- AccessDriverClass -->
        <test-method signature="SignUpDemoTest()[pri:0, instance:TestMethods.SignUpTestTest@69ee81fc]" started-at="2023-08-02T16:21:12 IST" name="SignUpDemoTest" finished-at="2023-08-02T16:21:31 IST" duration-ms="19238" status="PASS">
          <reporter-output>
          </reporter-output>
        </test-method> <!-- SignUpDemoTest -->
        <test-method is-config="true" signature="afterTest()[pri:0, instance:TestMethods.SignUpTestTest@69ee81fc]" started-at="2023-08-02T16:22:32 IST" name="afterTest" finished-at="2023-08-02T16:22:32 IST" duration-ms="174" status="PASS">
          <reporter-output>
          </reporter-output>
        </test-method> <!-- afterTest -->
      </class> <!-- TestMethods.SignUpTestTest -->
      <class name="TestMethods.LoginTest">
        <test-method is-config="true" signature="AccessDriverClass()[pri:0, instance:TestMethods.LoginTest@1e16c0aa]" started-at="2023-08-02T16:21:00 IST" name="AccessDriverClass" finished-at="2023-08-02T16:21:08 IST" duration-ms="8303" status="PASS">
          <reporter-output>
          </reporter-output>
        </test-method> <!-- AccessDriverClass -->
        <test-method signature="LoginPageDemoTest()[pri:0, instance:TestMethods.LoginTest@1e16c0aa]" started-at="2023-08-02T16:21:31 IST" name="LoginPageDemoTest" finished-at="2023-08-02T16:22:32 IST" duration-ms="60804" status="PASS">
          <reporter-output>
          </reporter-output>
        </test-method> <!-- LoginPageDemoTest -->
        <test-method is-config="true" signature="afterTest()[pri:0, instance:TestMethods.LoginTest@1e16c0aa]" started-at="2023-08-02T16:22:32 IST" name="afterTest" finished-at="2023-08-02T16:22:32 IST" duration-ms="0" status="PASS">
          <reporter-output>
          </reporter-output>
        </test-method> <!-- afterTest -->
      </class> <!-- TestMethods.LoginTest -->
    </test> <!-- Test -->
  </suite> <!-- Suite -->
</testng-results>
